2023-07-25 12:07:14,559 [Worker-5: Loading available Gradle versions] INFO  o.e.b.c.i.u.g.PublishedGradleVersions - Gradle version information cache is out-of-date. Trying to update.
2023-07-27 11:23:44,533 [Worker-2: Loading available Gradle versions] INFO  o.e.b.c.i.u.g.PublishedGradleVersions - Gradle version information cache is up-to-date. Trying to read.
2023-07-29 11:28:11,361 [Worker-6: Loading available Gradle versions] INFO  o.e.b.c.i.u.g.PublishedGradleVersions - Gradle version information cache is out-of-date. Trying to update.
2023-08-01 11:19:21,040 [Worker-4: Loading available Gradle versions] INFO  o.e.b.c.i.u.g.PublishedGradleVersions - Gradle version information cache is out-of-date. Trying to update.
2023-08-05 11:23:59,529 [Worker-6: Loading available Gradle versions] INFO  o.e.b.c.i.u.g.PublishedGradleVersions - Gradle version information cache is up-to-date. Trying to read.
2023-08-08 11:35:04,600 [Worker-5: Loading available Gradle versions] INFO  o.e.b.c.i.u.g.PublishedGradleVersions - Gradle version information cache is out-of-date. Trying to update.
2023-08-11 11:03:26,320 [Worker-6: Loading available Gradle versions] INFO  o.e.b.c.i.u.g.PublishedGradleVersions - Gradle version information cache is up-to-date. Trying to read.
2023-08-14 11:28:51,009 [Worker-4: Loading available Gradle versions] INFO  o.e.b.c.i.u.g.PublishedGradleVersions - Gradle version information cache is up-to-date. Trying to read.
2023-08-23 11:37:40,364 [Worker-1: Loading available Gradle versions] INFO  o.e.b.c.i.u.g.PublishedGradleVersions - Gradle version information cache is up-to-date. Trying to read.
2023-08-23 11:57:41,523 [Worker-18: Retrieving catalog resource] INFO  o.a.h.c.h.i.c.HttpRequestRetryExec - Recoverable I/O exception (org.apache.hc.core5.http.NoHttpResponseException) caught when processing request to {s}->https://marketplace.eclipse.org:443
2023-08-23 11:57:41,559 [Worker-35: Retrieving catalog resource] INFO  o.a.h.c.h.i.c.HttpRequestRetryExec - Recoverable I/O exception (org.apache.hc.core5.http.NoHttpResponseException) caught when processing request to {s}->https://marketplace.eclipse.org:443
2023-08-23 11:57:41,578 [Worker-20: Retrieving catalog resource] INFO  o.a.h.c.h.i.c.HttpRequestRetryExec - Recoverable I/O exception (org.apache.hc.core5.http.NoHttpResponseException) caught when processing request to {s}->https://marketplace.eclipse.org:443
2023-08-23 12:04:40,246 [Worker-59: Creating maven-archetype-quickstart] INFO  o.e.m.c.i.p.ProjectConfigurationManager - Collecting project info '/pom.xml' C:\Users\jay-pc\Selenium TTS 11-00 to 12-30\Selenium_Learning\pom.xml
2023-08-23 12:04:41,095 [Worker-59: Creating maven-archetype-quickstart] INFO  o.e.m.c.i.l.LifecycleMappingFactory - Using org.eclipse.m2e.jdt.JarLifecycleMapping lifecycle mapping for MavenProject: basic:Selenium_Learning:0.0.1-SNAPSHOT @ C:\Users\jay-pc\Selenium TTS 11-00 to 12-30\Selenium_Learning\pom.xml.
2023-08-23 12:04:41,413 [Worker-59: Creating maven-archetype-quickstart] INFO  o.e.m.j.i.AbstractJavaProjectConfigurator - Adding source folder /Selenium_Learning/src/main/java
2023-08-23 12:04:41,416 [Worker-59: Creating maven-archetype-quickstart] INFO  o.e.m.j.i.AbstractJavaProjectConfigurator - Adding source folder /Selenium_Learning/src/test/java
2023-08-23 12:04:41,473 [Worker-59: Creating maven-archetype-quickstart] INFO  o.e.m.c.i.p.ProjectConfigurationManager - Imported and configured 1 project(s) in 1 sec
2023-08-23 12:04:42,068 [Worker-59: Building] INFO  o.e.m.c.i.embedder.EclipseLogger - Using 'UTF-8' encoding to copy filtered resources.
2023-08-23 12:04:42,068 [Worker-59: Building] INFO  o.e.m.c.i.embedder.EclipseLogger - skip non existing resourceDirectory C:\Users\jay-pc\Selenium TTS 11-00 to 12-30\Selenium_Learning\src\main\resources
2023-08-23 12:04:42,071 [Worker-59: Building] INFO  o.e.m.c.i.embedder.EclipseLogger - Using 'UTF-8' encoding to copy filtered resources.
2023-08-23 12:04:42,071 [Worker-59: Building] INFO  o.e.m.c.i.embedder.EclipseLogger - skip non existing resourceDirectory C:\Users\jay-pc\Selenium TTS 11-00 to 12-30\Selenium_Learning\src\test\resources
2023-08-23 12:14:23,052 [Worker-60: Building] INFO  o.e.m.c.i.l.LifecycleMappingFactory - Using org.eclipse.m2e.jdt.JarLifecycleMapping lifecycle mapping for MavenProject: basic:Selenium_Learning:0.0.1-SNAPSHOT @ C:\Users\jay-pc\Selenium TTS 11-00 to 12-30\Selenium_Learning\pom.xml.
2023-08-23 12:14:23,474 [Worker-60: Building] INFO  o.e.m.c.i.embedder.EclipseLogger - Using 'UTF-8' encoding to copy filtered resources.
2023-08-23 12:14:23,474 [Worker-60: Building] INFO  o.e.m.c.i.embedder.EclipseLogger - skip non existing resourceDirectory C:\Users\jay-pc\Selenium TTS 11-00 to 12-30\Selenium_Learning\src\main\resources
2023-08-23 12:14:23,476 [Worker-60: Building] INFO  o.e.m.c.i.embedder.EclipseLogger - Using 'UTF-8' encoding to copy filtered resources.
2023-08-23 12:14:23,477 [Worker-60: Building] INFO  o.e.m.c.i.embedder.EclipseLogger - skip non existing resourceDirectory C:\Users\jay-pc\Selenium TTS 11-00 to 12-30\Selenium_Learning\src\test\resources
2023-08-23 12:14:25,135 [Worker-59: Building] INFO  o.e.m.c.i.embedder.EclipseLogger - Using 'UTF-8' encoding to copy filtered resources.
2023-08-23 12:14:25,136 [Worker-59: Building] INFO  o.e.m.c.i.embedder.EclipseLogger - skip non existing resourceDirectory C:\Users\jay-pc\Selenium TTS 11-00 to 12-30\Selenium_Learning\src\main\resources
2023-08-23 12:14:25,137 [Worker-59: Building] INFO  o.e.m.c.i.embedder.EclipseLogger - Using 'UTF-8' encoding to copy filtered resources.
2023-08-23 12:14:25,137 [Worker-59: Building] INFO  o.e.m.c.i.embedder.EclipseLogger - skip non existing resourceDirectory C:\Users\jay-pc\Selenium TTS 11-00 to 12-30\Selenium_Learning\src\test\resources
2023-08-23 12:14:50,911 [Worker-59: Building] INFO  o.e.m.c.i.embedder.EclipseLogger - Using 'UTF-8' encoding to copy filtered resources.
2023-08-23 12:14:50,912 [Worker-59: Building] INFO  o.e.m.c.i.embedder.EclipseLogger - skip non existing resourceDirectory C:\Users\jay-pc\Selenium TTS 11-00 to 12-30\Selenium_Learning\src\main\resources
2023-08-23 12:14:50,913 [Worker-59: Building] INFO  o.e.m.c.i.embedder.EclipseLogger - Using 'UTF-8' encoding to copy filtered resources.
2023-08-23 12:14:50,913 [Worker-59: Building] INFO  o.e.m.c.i.embedder.EclipseLogger - skip non existing resourceDirectory C:\Users\jay-pc\Selenium TTS 11-00 to 12-30\Selenium_Learning\src\test\resources
2023-08-23 12:14:59,336 [Worker-59: Building] INFO  o.e.m.c.i.embedder.EclipseLogger - Using 'UTF-8' encoding to copy filtered resources.
2023-08-23 12:14:59,337 [Worker-59: Building] INFO  o.e.m.c.i.embedder.EclipseLogger - skip non existing resourceDirectory C:\Users\jay-pc\Selenium TTS 11-00 to 12-30\Selenium_Learning\src\main\resources
2023-08-23 12:14:59,339 [Worker-59: Building] INFO  o.e.m.c.i.embedder.EclipseLogger - Using 'UTF-8' encoding to copy filtered resources.
2023-08-23 12:14:59,339 [Worker-59: Building] INFO  o.e.m.c.i.embedder.EclipseLogger - skip non existing resourceDirectory C:\Users\jay-pc\Selenium TTS 11-00 to 12-30\Selenium_Learning\src\test\resources
2023-08-23 12:15:03,734 [Worker-60: Building] INFO  o.e.m.c.i.embedder.EclipseLogger - Using 'UTF-8' encoding to copy filtered resources.
2023-08-23 12:15:03,734 [Worker-60: Building] INFO  o.e.m.c.i.embedder.EclipseLogger - skip non existing resourceDirectory C:\Users\jay-pc\Selenium TTS 11-00 to 12-30\Selenium_Learning\src\main\resources
2023-08-23 12:15:03,736 [Worker-60: Building] INFO  o.e.m.c.i.embedder.EclipseLogger - Using 'UTF-8' encoding to copy filtered resources.
2023-08-23 12:15:03,736 [Worker-60: Building] INFO  o.e.m.c.i.embedder.EclipseLogger - skip non existing resourceDirectory C:\Users\jay-pc\Selenium TTS 11-00 to 12-30\Selenium_Learning\src\test\resources
2023-08-23 12:15:38,074 [Worker-60: Building] INFO  o.e.m.c.i.embedder.EclipseLogger - Using 'UTF-8' encoding to copy filtered resources.
2023-08-23 12:15:38,074 [Worker-60: Building] INFO  o.e.m.c.i.embedder.EclipseLogger - skip non existing resourceDirectory C:\Users\jay-pc\Selenium TTS 11-00 to 12-30\Selenium_Learning\src\main\resources
2023-08-23 12:15:38,075 [Worker-60: Building] INFO  o.e.m.c.i.embedder.EclipseLogger - Using 'UTF-8' encoding to copy filtered resources.
2023-08-23 12:15:38,075 [Worker-60: Building] INFO  o.e.m.c.i.embedder.EclipseLogger - skip non existing resourceDirectory C:\Users\jay-pc\Selenium TTS 11-00 to 12-30\Selenium_Learning\src\test\resources
2023-08-23 12:15:55,427 [Worker-68: Building] INFO  o.e.m.c.i.embedder.EclipseLogger - Using 'UTF-8' encoding to copy filtered resources.
2023-08-23 12:15:55,427 [Worker-68: Building] INFO  o.e.m.c.i.embedder.EclipseLogger - skip non existing resourceDirectory C:\Users\jay-pc\Selenium TTS 11-00 to 12-30\Selenium_Learning\src\main\resources
2023-08-23 12:15:55,429 [Worker-68: Building] INFO  o.e.m.c.i.embedder.EclipseLogger - Using 'UTF-8' encoding to copy filtered resources.
2023-08-23 12:15:55,429 [Worker-68: Building] INFO  o.e.m.c.i.embedder.EclipseLogger - skip non existing resourceDirectory C:\Users\jay-pc\Selenium TTS 11-00 to 12-30\Selenium_Learning\src\test\resources
2023-08-23 12:16:01,312 [Worker-68: Building] INFO  o.e.m.c.i.embedder.EclipseLogger - Using 'UTF-8' encoding to copy filtered resources.
2023-08-23 12:16:01,313 [Worker-68: Building] INFO  o.e.m.c.i.embedder.EclipseLogger - skip non existing resourceDirectory C:\Users\jay-pc\Selenium TTS 11-00 to 12-30\Selenium_Learning\src\main\resources
2023-08-23 12:16:01,313 [Worker-68: Building] INFO  o.e.m.c.i.embedder.EclipseLogger - Using 'UTF-8' encoding to copy filtered resources.
2023-08-23 12:16:01,313 [Worker-68: Building] INFO  o.e.m.c.i.embedder.EclipseLogger - skip non existing resourceDirectory C:\Users\jay-pc\Selenium TTS 11-00 to 12-30\Selenium_Learning\src\test\resources
2023-08-23 12:16:45,148 [Worker-70: Building] INFO  o.e.m.c.i.embedder.EclipseLogger - Using 'UTF-8' encoding to copy filtered resources.
2023-08-23 12:16:45,148 [Worker-70: Building] INFO  o.e.m.c.i.embedder.EclipseLogger - skip non existing resourceDirectory C:\Users\jay-pc\Selenium TTS 11-00 to 12-30\Selenium_Learning\src\main\resources
2023-08-23 12:16:45,150 [Worker-70: Building] INFO  o.e.m.c.i.embedder.EclipseLogger - Using 'UTF-8' encoding to copy filtered resources.
2023-08-23 12:16:45,150 [Worker-70: Building] INFO  o.e.m.c.i.embedder.EclipseLogger - skip non existing resourceDirectory C:\Users\jay-pc\Selenium TTS 11-00 to 12-30\Selenium_Learning\src\test\resources
2023-08-23 12:16:49,592 [Worker-59: Building] INFO  o.e.m.c.i.embedder.EclipseLogger - Using 'UTF-8' encoding to copy filtered resources.
2023-08-23 12:16:49,592 [Worker-59: Building] INFO  o.e.m.c.i.embedder.EclipseLogger - skip non existing resourceDirectory C:\Users\jay-pc\Selenium TTS 11-00 to 12-30\Selenium_Learning\src\main\resources
2023-08-23 12:16:49,593 [Worker-59: Building] INFO  o.e.m.c.i.embedder.EclipseLogger - Using 'UTF-8' encoding to copy filtered resources.
2023-08-23 12:16:49,593 [Worker-59: Building] INFO  o.e.m.c.i.embedder.EclipseLogger - skip non existing resourceDirectory C:\Users\jay-pc\Selenium TTS 11-00 to 12-30\Selenium_Learning\src\test\resources
2023-08-23 12:21:09,063 [Worker-67: Building] INFO  o.e.m.c.i.embedder.EclipseLogger - Using 'UTF-8' encoding to copy filtered resources.
2023-08-23 12:21:09,064 [Worker-67: Building] INFO  o.e.m.c.i.embedder.EclipseLogger - skip non existing resourceDirectory C:\Users\jay-pc\Selenium TTS 11-00 to 12-30\Selenium_Learning\src\main\resources
2023-08-23 12:21:09,065 [Worker-67: Building] INFO  o.e.m.c.i.embedder.EclipseLogger - Using 'UTF-8' encoding to copy filtered resources.
2023-08-23 12:21:09,066 [Worker-67: Building] INFO  o.e.m.c.i.embedder.EclipseLogger - skip non existing resourceDirectory C:\Users\jay-pc\Selenium TTS 11-00 to 12-30\Selenium_Learning\src\test\resources
2023-08-23 12:21:11,472 [Worker-73: Building] INFO  o.e.m.c.i.embedder.EclipseLogger - Using 'UTF-8' encoding to copy filtered resources.
2023-08-23 12:21:11,472 [Worker-73: Building] INFO  o.e.m.c.i.embedder.EclipseLogger - skip non existing resourceDirectory C:\Users\jay-pc\Selenium TTS 11-00 to 12-30\Selenium_Learning\src\main\resources
2023-08-23 12:21:11,473 [Worker-73: Building] INFO  o.e.m.c.i.embedder.EclipseLogger - Using 'UTF-8' encoding to copy filtered resources.
2023-08-23 12:21:11,473 [Worker-73: Building] INFO  o.e.m.c.i.embedder.EclipseLogger - skip non existing resourceDirectory C:\Users\jay-pc\Selenium TTS 11-00 to 12-30\Selenium_Learning\src\test\resources
2023-08-23 12:21:21,434 [Start Help Server] INFO  org.eclipse.jetty.server.Server - jetty-10.0.9; built: 2022-03-30T16:46:32.527Z; git: a9eaf8d5d73369acf610ce88f850c0d56c4b1113; jvm 18.0.2.1+1-1
2023-08-23 12:21:21,453 [Start Help Server] INFO  o.e.j.s.s.DefaultSessionIdManager - Session workerName=node0
2023-08-23 12:21:21,481 [Start Help Server] INFO  o.e.j.server.handler.ContextHandler - Started o.e.j.s.ServletContextHandler@50f06966{/help,null,AVAILABLE}
2023-08-23 12:21:21,492 [Start Help Server] INFO  o.e.jetty.server.AbstractConnector - Started ServerConnector@64770d65{HTTP/1.1, (http/1.1)}{127.0.0.1:20367}
2023-08-23 12:21:21,495 [Start Help Server] INFO  org.eclipse.jetty.server.Server - Started Server@32a41b08{STARTING}[10.0.9,sto=0] @2650339ms
2023-08-23 12:21:29,581 [Worker-72: Building] INFO  o.e.m.c.i.embedder.EclipseLogger - Using 'UTF-8' encoding to copy filtered resources.
2023-08-23 12:21:29,581 [Worker-72: Building] INFO  o.e.m.c.i.embedder.EclipseLogger - skip non existing resourceDirectory C:\Users\jay-pc\Selenium TTS 11-00 to 12-30\Selenium_Learning\src\main\resources
2023-08-23 12:21:29,582 [Worker-72: Building] INFO  o.e.m.c.i.embedder.EclipseLogger - Using 'UTF-8' encoding to copy filtered resources.
2023-08-23 12:21:29,582 [Worker-72: Building] INFO  o.e.m.c.i.embedder.EclipseLogger - skip non existing resourceDirectory C:\Users\jay-pc\Selenium TTS 11-00 to 12-30\Selenium_Learning\src\test\resources
2023-08-23 12:21:59,076 [Worker-66: Building] INFO  o.e.m.c.i.embedder.EclipseLogger - Using 'UTF-8' encoding to copy filtered resources.
2023-08-23 12:21:59,077 [Worker-66: Building] INFO  o.e.m.c.i.embedder.EclipseLogger - skip non existing resourceDirectory C:\Users\jay-pc\Selenium TTS 11-00 to 12-30\Selenium_Learning\src\main\resources
2023-08-23 12:21:59,077 [Worker-66: Building] INFO  o.e.m.c.i.embedder.EclipseLogger - Using 'UTF-8' encoding to copy filtered resources.
2023-08-23 12:21:59,077 [Worker-66: Building] INFO  o.e.m.c.i.embedder.EclipseLogger - skip non existing resourceDirectory C:\Users\jay-pc\Selenium TTS 11-00 to 12-30\Selenium_Learning\src\test\resources
2023-08-23 12:22:11,955 [Worker-73: Building] INFO  o.e.m.c.i.embedder.EclipseLogger - Using 'UTF-8' encoding to copy filtered resources.
2023-08-23 12:22:11,956 [Worker-73: Building] INFO  o.e.m.c.i.embedder.EclipseLogger - skip non existing resourceDirectory C:\Users\jay-pc\Selenium TTS 11-00 to 12-30\Selenium_Learning\src\main\resources
2023-08-23 12:22:11,956 [Worker-73: Building] INFO  o.e.m.c.i.embedder.EclipseLogger - Using 'UTF-8' encoding to copy filtered resources.
2023-08-23 12:22:11,956 [Worker-73: Building] INFO  o.e.m.c.i.embedder.EclipseLogger - skip non existing resourceDirectory C:\Users\jay-pc\Selenium TTS 11-00 to 12-30\Selenium_Learning\src\test\resources
2023-08-23 12:23:22,232 [Worker-72: Building] INFO  o.e.m.c.i.embedder.EclipseLogger - Using 'UTF-8' encoding to copy filtered resources.
2023-08-23 12:23:22,232 [Worker-72: Building] INFO  o.e.m.c.i.embedder.EclipseLogger - skip non existing resourceDirectory C:\Users\jay-pc\Selenium TTS 11-00 to 12-30\Selenium_Learning\src\main\resources
2023-08-23 12:23:22,232 [Worker-72: Building] INFO  o.e.m.c.i.embedder.EclipseLogger - Using 'UTF-8' encoding to copy filtered resources.
2023-08-23 12:23:22,233 [Worker-72: Building] INFO  o.e.m.c.i.embedder.EclipseLogger - skip non existing resourceDirectory C:\Users\jay-pc\Selenium TTS 11-00 to 12-30\Selenium_Learning\src\test\resources
2023-08-23 12:23:30,401 [Worker-74: Building] INFO  o.e.m.c.i.embedder.EclipseLogger - Using 'UTF-8' encoding to copy filtered resources.
2023-08-23 12:23:30,402 [Worker-74: Building] INFO  o.e.m.c.i.embedder.EclipseLogger - skip non existing resourceDirectory C:\Users\jay-pc\Selenium TTS 11-00 to 12-30\Selenium_Learning\src\main\resources
2023-08-23 12:23:30,403 [Worker-74: Building] INFO  o.e.m.c.i.embedder.EclipseLogger - Using 'UTF-8' encoding to copy filtered resources.
2023-08-23 12:23:30,403 [Worker-74: Building] INFO  o.e.m.c.i.embedder.EclipseLogger - skip non existing resourceDirectory C:\Users\jay-pc\Selenium TTS 11-00 to 12-30\Selenium_Learning\src\test\resources
2023-08-23 12:23:36,804 [Worker-67: Building] INFO  o.e.m.c.i.embedder.EclipseLogger - Using 'UTF-8' encoding to copy filtered resources.
2023-08-23 12:23:36,804 [Worker-67: Building] INFO  o.e.m.c.i.embedder.EclipseLogger - skip non existing resourceDirectory C:\Users\jay-pc\Selenium TTS 11-00 to 12-30\Selenium_Learning\src\main\resources
2023-08-23 12:23:36,805 [Worker-67: Building] INFO  o.e.m.c.i.embedder.EclipseLogger - Using 'UTF-8' encoding to copy filtered resources.
2023-08-23 12:23:36,805 [Worker-67: Building] INFO  o.e.m.c.i.embedder.EclipseLogger - skip non existing resourceDirectory C:\Users\jay-pc\Selenium TTS 11-00 to 12-30\Selenium_Learning\src\test\resources
2023-08-23 12:23:43,419 [Worker-71: Building] INFO  o.e.m.c.i.embedder.EclipseLogger - Using 'UTF-8' encoding to copy filtered resources.
2023-08-23 12:23:43,419 [Worker-71: Building] INFO  o.e.m.c.i.embedder.EclipseLogger - skip non existing resourceDirectory C:\Users\jay-pc\Selenium TTS 11-00 to 12-30\Selenium_Learning\src\main\resources
2023-08-23 12:23:43,419 [Worker-71: Building] INFO  o.e.m.c.i.embedder.EclipseLogger - Using 'UTF-8' encoding to copy filtered resources.
2023-08-23 12:23:43,419 [Worker-71: Building] INFO  o.e.m.c.i.embedder.EclipseLogger - skip non existing resourceDirectory C:\Users\jay-pc\Selenium TTS 11-00 to 12-30\Selenium_Learning\src\test\resources
2023-08-23 12:23:49,885 [Worker-74: Building] INFO  o.e.m.c.i.embedder.EclipseLogger - Using 'UTF-8' encoding to copy filtered resources.
2023-08-23 12:23:49,885 [Worker-74: Building] INFO  o.e.m.c.i.embedder.EclipseLogger - skip non existing resourceDirectory C:\Users\jay-pc\Selenium TTS 11-00 to 12-30\Selenium_Learning\src\main\resources
2023-08-23 12:23:49,886 [Worker-74: Building] INFO  o.e.m.c.i.embedder.EclipseLogger - Using 'UTF-8' encoding to copy filtered resources.
2023-08-23 12:23:49,886 [Worker-74: Building] INFO  o.e.m.c.i.embedder.EclipseLogger - skip non existing resourceDirectory C:\Users\jay-pc\Selenium TTS 11-00 to 12-30\Selenium_Learning\src\test\resources
2023-08-23 12:26:28,840 [Worker-75: Building] INFO  o.e.m.c.i.l.LifecycleMappingFactory - Using org.eclipse.m2e.jdt.JarLifecycleMapping lifecycle mapping for MavenProject: basic:Selenium_Learning:0.0.1-SNAPSHOT @ C:\Users\jay-pc\Selenium TTS 11-00 to 12-30\Selenium_Learning\pom.xml.
2023-08-23 12:26:29,170 [Worker-75: Building] INFO  o.e.m.c.i.embedder.EclipseLogger - Using 'UTF-8' encoding to copy filtered resources.
2023-08-23 12:26:29,170 [Worker-75: Building] INFO  o.e.m.c.i.embedder.EclipseLogger - skip non existing resourceDirectory C:\Users\jay-pc\Selenium TTS 11-00 to 12-30\Selenium_Learning\src\main\resources
2023-08-23 12:26:29,172 [Worker-75: Building] INFO  o.e.m.c.i.embedder.EclipseLogger - Using 'UTF-8' encoding to copy filtered resources.
2023-08-23 12:26:29,172 [Worker-75: Building] INFO  o.e.m.c.i.embedder.EclipseLogger - skip non existing resourceDirectory C:\Users\jay-pc\Selenium TTS 11-00 to 12-30\Selenium_Learning\src\test\resources
2023-08-23 12:28:15,612 [Worker-76: Building] INFO  o.e.m.c.i.embedder.EclipseLogger - Using 'UTF-8' encoding to copy filtered resources.
2023-08-23 12:28:15,612 [Worker-76: Building] INFO  o.e.m.c.i.embedder.EclipseLogger - skip non existing resourceDirectory C:\Users\jay-pc\Selenium TTS 11-00 to 12-30\Selenium_Learning\src\main\resources
2023-08-23 12:28:15,613 [Worker-76: Building] INFO  o.e.m.c.i.embedder.EclipseLogger - Using 'UTF-8' encoding to copy filtered resources.
2023-08-23 12:28:15,613 [Worker-76: Building] INFO  o.e.m.c.i.embedder.EclipseLogger - skip non existing resourceDirectory C:\Users\jay-pc\Selenium TTS 11-00 to 12-30\Selenium_Learning\src\test\resources
2023-08-23 12:28:17,931 [Worker-76: Building] INFO  o.e.m.c.i.embedder.EclipseLogger - Using 'UTF-8' encoding to copy filtered resources.
2023-08-23 12:28:17,932 [Worker-76: Building] INFO  o.e.m.c.i.embedder.EclipseLogger - skip non existing resourceDirectory C:\Users\jay-pc\Selenium TTS 11-00 to 12-30\Selenium_Learning\src\main\resources
2023-08-23 12:28:17,932 [Worker-76: Building] INFO  o.e.m.c.i.embedder.EclipseLogger - Using 'UTF-8' encoding to copy filtered resources.
2023-08-23 12:28:17,932 [Worker-76: Building] INFO  o.e.m.c.i.embedder.EclipseLogger - skip non existing resourceDirectory C:\Users\jay-pc\Selenium TTS 11-00 to 12-30\Selenium_Learning\src\test\resources
2023-08-23 12:28:31,409 [Worker-75: Building] INFO  o.e.m.c.i.embedder.EclipseLogger - Using 'UTF-8' encoding to copy filtered resources.
2023-08-23 12:28:31,409 [Worker-75: Building] INFO  o.e.m.c.i.embedder.EclipseLogger - skip non existing resourceDirectory C:\Users\jay-pc\Selenium TTS 11-00 to 12-30\Selenium_Learning\src\main\resources
2023-08-23 12:28:31,410 [Worker-75: Building] INFO  o.e.m.c.i.embedder.EclipseLogger - Using 'UTF-8' encoding to copy filtered resources.
2023-08-23 12:28:31,410 [Worker-75: Building] INFO  o.e.m.c.i.embedder.EclipseLogger - skip non existing resourceDirectory C:\Users\jay-pc\Selenium TTS 11-00 to 12-30\Selenium_Learning\src\test\resources
2023-08-23 12:28:44,926 [Worker-67: Building] INFO  o.e.m.c.i.embedder.EclipseLogger - Using 'UTF-8' encoding to copy filtered resources.
2023-08-23 12:28:44,926 [Worker-67: Building] INFO  o.e.m.c.i.embedder.EclipseLogger - skip non existing resourceDirectory C:\Users\jay-pc\Selenium TTS 11-00 to 12-30\Selenium_Learning\src\main\resources
2023-08-23 12:28:44,926 [Worker-67: Building] INFO  o.e.m.c.i.embedder.EclipseLogger - Using 'UTF-8' encoding to copy filtered resources.
2023-08-23 12:28:44,926 [Worker-67: Building] INFO  o.e.m.c.i.embedder.EclipseLogger - skip non existing resourceDirectory C:\Users\jay-pc\Selenium TTS 11-00 to 12-30\Selenium_Learning\src\test\resources
2023-08-23 12:28:54,666 [Worker-79: Building] INFO  o.e.m.c.i.embedder.EclipseLogger - Using 'UTF-8' encoding to copy filtered resources.
2023-08-23 12:28:54,667 [Worker-79: Building] INFO  o.e.m.c.i.embedder.EclipseLogger - skip non existing resourceDirectory C:\Users\jay-pc\Selenium TTS 11-00 to 12-30\Selenium_Learning\src\main\resources
2023-08-23 12:28:54,667 [Worker-79: Building] INFO  o.e.m.c.i.embedder.EclipseLogger - Using 'UTF-8' encoding to copy filtered resources.
2023-08-23 12:28:54,667 [Worker-79: Building] INFO  o.e.m.c.i.embedder.EclipseLogger - skip non existing resourceDirectory C:\Users\jay-pc\Selenium TTS 11-00 to 12-30\Selenium_Learning\src\test\resources
2023-08-23 12:29:12,110 [Worker-79: Building] INFO  o.e.m.c.i.embedder.EclipseLogger - Using 'UTF-8' encoding to copy filtered resources.
2023-08-23 12:29:12,110 [Worker-79: Building] INFO  o.e.m.c.i.embedder.EclipseLogger - skip non existing resourceDirectory C:\Users\jay-pc\Selenium TTS 11-00 to 12-30\Selenium_Learning\src\main\resources
2023-08-23 12:29:12,111 [Worker-79: Building] INFO  o.e.m.c.i.embedder.EclipseLogger - Using 'UTF-8' encoding to copy filtered resources.
2023-08-23 12:29:12,111 [Worker-79: Building] INFO  o.e.m.c.i.embedder.EclipseLogger - skip non existing resourceDirectory C:\Users\jay-pc\Selenium TTS 11-00 to 12-30\Selenium_Learning\src\test\resources
2023-08-23 12:29:19,463 [Worker-67: Building] INFO  o.e.m.c.i.embedder.EclipseLogger - Using 'UTF-8' encoding to copy filtered resources.
2023-08-23 12:29:19,464 [Worker-67: Building] INFO  o.e.m.c.i.embedder.EclipseLogger - skip non existing resourceDirectory C:\Users\jay-pc\Selenium TTS 11-00 to 12-30\Selenium_Learning\src\main\resources
2023-08-23 12:29:19,470 [Worker-67: Building] INFO  o.e.m.c.i.embedder.EclipseLogger - Using 'UTF-8' encoding to copy filtered resources.
2023-08-23 12:29:19,471 [Worker-67: Building] INFO  o.e.m.c.i.embedder.EclipseLogger - skip non existing resourceDirectory C:\Users\jay-pc\Selenium TTS 11-00 to 12-30\Selenium_Learning\src\test\resources
2023-08-23 12:29:20,492 [Worker-77: Building] INFO  o.e.m.c.i.embedder.EclipseLogger - Using 'UTF-8' encoding to copy filtered resources.
2023-08-23 12:29:20,493 [Worker-77: Building] INFO  o.e.m.c.i.embedder.EclipseLogger - skip non existing resourceDirectory C:\Users\jay-pc\Selenium TTS 11-00 to 12-30\Selenium_Learning\src\main\resources
2023-08-23 12:29:20,493 [Worker-77: Building] INFO  o.e.m.c.i.embedder.EclipseLogger - Using 'UTF-8' encoding to copy filtered resources.
2023-08-23 12:29:20,493 [Worker-77: Building] INFO  o.e.m.c.i.embedder.EclipseLogger - skip non existing resourceDirectory C:\Users\jay-pc\Selenium TTS 11-00 to 12-30\Selenium_Learning\src\test\resources
2023-08-23 12:29:21,872 [Worker-77: Building] INFO  o.e.m.c.i.embedder.EclipseLogger - Using 'UTF-8' encoding to copy filtered resources.
2023-08-23 12:29:21,873 [Worker-77: Building] INFO  o.e.m.c.i.embedder.EclipseLogger - skip non existing resourceDirectory C:\Users\jay-pc\Selenium TTS 11-00 to 12-30\Selenium_Learning\src\main\resources
2023-08-23 12:29:21,874 [Worker-77: Building] INFO  o.e.m.c.i.embedder.EclipseLogger - Using 'UTF-8' encoding to copy filtered resources.
2023-08-23 12:29:21,874 [Worker-77: Building] INFO  o.e.m.c.i.embedder.EclipseLogger - skip non existing resourceDirectory C:\Users\jay-pc\Selenium TTS 11-00 to 12-30\Selenium_Learning\src\test\resources
2023-08-23 12:29:30,135 [Worker-76: Building] INFO  o.e.m.c.i.embedder.EclipseLogger - Using 'UTF-8' encoding to copy filtered resources.
2023-08-23 12:29:30,135 [Worker-76: Building] INFO  o.e.m.c.i.embedder.EclipseLogger - skip non existing resourceDirectory C:\Users\jay-pc\Selenium TTS 11-00 to 12-30\Selenium_Learning\src\main\resources
2023-08-23 12:29:30,136 [Worker-76: Building] INFO  o.e.m.c.i.embedder.EclipseLogger - Using 'UTF-8' encoding to copy filtered resources.
2023-08-23 12:29:30,137 [Worker-76: Building] INFO  o.e.m.c.i.embedder.EclipseLogger - skip non existing resourceDirectory C:\Users\jay-pc\Selenium TTS 11-00 to 12-30\Selenium_Learning\src\test\resources
2023-08-23 12:31:27,737 [Worker-78: Building] INFO  o.e.m.c.i.embedder.EclipseLogger - Using 'UTF-8' encoding to copy filtered resources.
2023-08-23 12:31:27,737 [Worker-78: Building] INFO  o.e.m.c.i.embedder.EclipseLogger - skip non existing resourceDirectory C:\Users\jay-pc\Selenium TTS 11-00 to 12-30\Selenium_Learning\src\main\resources
2023-08-23 12:31:27,738 [Worker-78: Building] INFO  o.e.m.c.i.embedder.EclipseLogger - Using 'UTF-8' encoding to copy filtered resources.
2023-08-23 12:31:27,738 [Worker-78: Building] INFO  o.e.m.c.i.embedder.EclipseLogger - skip non existing resourceDirectory C:\Users\jay-pc\Selenium TTS 11-00 to 12-30\Selenium_Learning\src\test\resources
2023-08-23 12:31:31,777 [Worker-82: Building] INFO  o.e.m.c.i.embedder.EclipseLogger - Using 'UTF-8' encoding to copy filtered resources.
2023-08-23 12:31:31,777 [Worker-82: Building] INFO  o.e.m.c.i.embedder.EclipseLogger - skip non existing resourceDirectory C:\Users\jay-pc\Selenium TTS 11-00 to 12-30\Selenium_Learning\src\main\resources
2023-08-23 12:31:31,778 [Worker-82: Building] INFO  o.e.m.c.i.embedder.EclipseLogger - Using 'UTF-8' encoding to copy filtered resources.
2023-08-23 12:31:31,779 [Worker-82: Building] INFO  o.e.m.c.i.embedder.EclipseLogger - skip non existing resourceDirectory C:\Users\jay-pc\Selenium TTS 11-00 to 12-30\Selenium_Learning\src\test\resources
2023-08-23 12:31:37,682 [Worker-78: Building] INFO  o.e.m.c.i.embedder.EclipseLogger - Using 'UTF-8' encoding to copy filtered resources.
2023-08-23 12:31:37,682 [Worker-78: Building] INFO  o.e.m.c.i.embedder.EclipseLogger - skip non existing resourceDirectory C:\Users\jay-pc\Selenium TTS 11-00 to 12-30\Selenium_Learning\src\main\resources
2023-08-23 12:31:37,682 [Worker-78: Building] INFO  o.e.m.c.i.embedder.EclipseLogger - Using 'UTF-8' encoding to copy filtered resources.
2023-08-23 12:31:37,682 [Worker-78: Building] INFO  o.e.m.c.i.embedder.EclipseLogger - skip non existing resourceDirectory C:\Users\jay-pc\Selenium TTS 11-00 to 12-30\Selenium_Learning\src\test\resources
2023-08-23 12:31:38,713 [Worker-77: Building] INFO  o.e.m.c.i.embedder.EclipseLogger - Using 'UTF-8' encoding to copy filtered resources.
2023-08-23 12:31:38,713 [Worker-77: Building] INFO  o.e.m.c.i.embedder.EclipseLogger - skip non existing resourceDirectory C:\Users\jay-pc\Selenium TTS 11-00 to 12-30\Selenium_Learning\src\main\resources
2023-08-23 12:31:38,714 [Worker-77: Building] INFO  o.e.m.c.i.embedder.EclipseLogger - Using 'UTF-8' encoding to copy filtered resources.
2023-08-23 12:31:38,714 [Worker-77: Building] INFO  o.e.m.c.i.embedder.EclipseLogger - skip non existing resourceDirectory C:\Users\jay-pc\Selenium TTS 11-00 to 12-30\Selenium_Learning\src\test\resources
2023-08-23 12:31:47,527 [Worker-81: Building] INFO  o.e.m.c.i.embedder.EclipseLogger - Using 'UTF-8' encoding to copy filtered resources.
2023-08-23 12:31:47,527 [Worker-81: Building] INFO  o.e.m.c.i.embedder.EclipseLogger - skip non existing resourceDirectory C:\Users\jay-pc\Selenium TTS 11-00 to 12-30\Selenium_Learning\src\main\resources
2023-08-23 12:31:47,527 [Worker-81: Building] INFO  o.e.m.c.i.embedder.EclipseLogger - Using 'UTF-8' encoding to copy filtered resources.
2023-08-23 12:31:47,528 [Worker-81: Building] INFO  o.e.m.c.i.embedder.EclipseLogger - skip non existing resourceDirectory C:\Users\jay-pc\Selenium TTS 11-00 to 12-30\Selenium_Learning\src\test\resources
2023-08-23 12:32:27,595 [Worker-84: Building] INFO  o.e.m.c.i.embedder.EclipseLogger - Using 'UTF-8' encoding to copy filtered resources.
2023-08-23 12:32:27,595 [Worker-84: Building] INFO  o.e.m.c.i.embedder.EclipseLogger - skip non existing resourceDirectory C:\Users\jay-pc\Selenium TTS 11-00 to 12-30\Selenium_Learning\src\main\resources
2023-08-23 12:32:27,596 [Worker-84: Building] INFO  o.e.m.c.i.embedder.EclipseLogger - Using 'UTF-8' encoding to copy filtered resources.
2023-08-23 12:32:27,596 [Worker-84: Building] INFO  o.e.m.c.i.embedder.EclipseLogger - skip non existing resourceDirectory C:\Users\jay-pc\Selenium TTS 11-00 to 12-30\Selenium_Learning\src\test\resources
2023-08-23 12:32:39,924 [Worker-78: Building] INFO  o.e.m.c.i.embedder.EclipseLogger - Using 'UTF-8' encoding to copy filtered resources.
2023-08-23 12:32:39,924 [Worker-78: Building] INFO  o.e.m.c.i.embedder.EclipseLogger - skip non existing resourceDirectory C:\Users\jay-pc\Selenium TTS 11-00 to 12-30\Selenium_Learning\src\main\resources
2023-08-23 12:32:39,926 [Worker-78: Building] INFO  o.e.m.c.i.embedder.EclipseLogger - Using 'UTF-8' encoding to copy filtered resources.
2023-08-23 12:32:39,926 [Worker-78: Building] INFO  o.e.m.c.i.embedder.EclipseLogger - skip non existing resourceDirectory C:\Users\jay-pc\Selenium TTS 11-00 to 12-30\Selenium_Learning\src\test\resources
2023-08-23 12:32:51,984 [Worker-80: Building] INFO  o.e.m.c.i.embedder.EclipseLogger - Using 'UTF-8' encoding to copy filtered resources.
2023-08-23 12:32:51,985 [Worker-80: Building] INFO  o.e.m.c.i.embedder.EclipseLogger - skip non existing resourceDirectory C:\Users\jay-pc\Selenium TTS 11-00 to 12-30\Selenium_Learning\src\main\resources
2023-08-23 12:32:51,994 [Worker-80: Building] INFO  o.e.m.c.i.embedder.EclipseLogger - Using 'UTF-8' encoding to copy filtered resources.
2023-08-23 12:32:51,994 [Worker-80: Building] INFO  o.e.m.c.i.embedder.EclipseLogger - skip non existing resourceDirectory C:\Users\jay-pc\Selenium TTS 11-00 to 12-30\Selenium_Learning\src\test\resources
2023-08-23 12:33:24,533 [Worker-84: Building] INFO  o.e.m.c.i.embedder.EclipseLogger - Using 'UTF-8' encoding to copy filtered resources.
2023-08-23 12:33:24,533 [Worker-84: Building] INFO  o.e.m.c.i.embedder.EclipseLogger - skip non existing resourceDirectory C:\Users\jay-pc\Selenium TTS 11-00 to 12-30\Selenium_Learning\src\main\resources
2023-08-23 12:33:24,534 [Worker-84: Building] INFO  o.e.m.c.i.embedder.EclipseLogger - Using 'UTF-8' encoding to copy filtered resources.
2023-08-23 12:33:24,534 [Worker-84: Building] INFO  o.e.m.c.i.embedder.EclipseLogger - skip non existing resourceDirectory C:\Users\jay-pc\Selenium TTS 11-00 to 12-30\Selenium_Learning\src\test\resources
2023-08-23 12:33:57,025 [Worker-82: Building] INFO  o.e.m.c.i.embedder.EclipseLogger - Using 'UTF-8' encoding to copy filtered resources.
2023-08-23 12:33:57,025 [Worker-82: Building] INFO  o.e.m.c.i.embedder.EclipseLogger - skip non existing resourceDirectory C:\Users\jay-pc\Selenium TTS 11-00 to 12-30\Selenium_Learning\src\main\resources
2023-08-23 12:33:57,026 [Worker-82: Building] INFO  o.e.m.c.i.embedder.EclipseLogger - Using 'UTF-8' encoding to copy filtered resources.
2023-08-23 12:33:57,026 [Worker-82: Building] INFO  o.e.m.c.i.embedder.EclipseLogger - skip non existing resourceDirectory C:\Users\jay-pc\Selenium TTS 11-00 to 12-30\Selenium_Learning\src\test\resources
2023-08-23 12:34:13,809 [Worker-81: Building] INFO  o.e.m.c.i.embedder.EclipseLogger - Using 'UTF-8' encoding to copy filtered resources.
2023-08-23 12:34:13,809 [Worker-81: Building] INFO  o.e.m.c.i.embedder.EclipseLogger - skip non existing resourceDirectory C:\Users\jay-pc\Selenium TTS 11-00 to 12-30\Selenium_Learning\src\main\resources
2023-08-23 12:34:13,810 [Worker-81: Building] INFO  o.e.m.c.i.embedder.EclipseLogger - Using 'UTF-8' encoding to copy filtered resources.
2023-08-23 12:34:13,810 [Worker-81: Building] INFO  o.e.m.c.i.embedder.EclipseLogger - skip non existing resourceDirectory C:\Users\jay-pc\Selenium TTS 11-00 to 12-30\Selenium_Learning\src\test\resources
2023-08-23 12:34:14,883 [Worker-84: Building] INFO  o.e.m.c.i.embedder.EclipseLogger - Using 'UTF-8' encoding to copy filtered resources.
2023-08-23 12:34:14,883 [Worker-84: Building] INFO  o.e.m.c.i.embedder.EclipseLogger - skip non existing resourceDirectory C:\Users\jay-pc\Selenium TTS 11-00 to 12-30\Selenium_Learning\src\main\resources
2023-08-23 12:34:14,884 [Worker-84: Building] INFO  o.e.m.c.i.embedder.EclipseLogger - Using 'UTF-8' encoding to copy filtered resources.
2023-08-23 12:34:14,884 [Worker-84: Building] INFO  o.e.m.c.i.embedder.EclipseLogger - skip non existing resourceDirectory C:\Users\jay-pc\Selenium TTS 11-00 to 12-30\Selenium_Learning\src\test\resources
2023-08-23 12:34:26,078 [Worker-82: Building] INFO  o.e.m.c.i.embedder.EclipseLogger - Using 'UTF-8' encoding to copy filtered resources.
2023-08-23 12:34:26,078 [Worker-82: Building] INFO  o.e.m.c.i.embedder.EclipseLogger - skip non existing resourceDirectory C:\Users\jay-pc\Selenium TTS 11-00 to 12-30\Selenium_Learning\src\main\resources
2023-08-23 12:34:26,079 [Worker-82: Building] INFO  o.e.m.c.i.embedder.EclipseLogger - Using 'UTF-8' encoding to copy filtered resources.
2023-08-23 12:34:26,079 [Worker-82: Building] INFO  o.e.m.c.i.embedder.EclipseLogger - skip non existing resourceDirectory C:\Users\jay-pc\Selenium TTS 11-00 to 12-30\Selenium_Learning\src\test\resources
2023-08-23 12:34:36,938 [Worker-80: Building] INFO  o.e.m.c.i.embedder.EclipseLogger - Using 'UTF-8' encoding to copy filtered resources.
2023-08-23 12:34:36,938 [Worker-80: Building] INFO  o.e.m.c.i.embedder.EclipseLogger - skip non existing resourceDirectory C:\Users\jay-pc\Selenium TTS 11-00 to 12-30\Selenium_Learning\src\main\resources
2023-08-23 12:34:36,939 [Worker-80: Building] INFO  o.e.m.c.i.embedder.EclipseLogger - Using 'UTF-8' encoding to copy filtered resources.
2023-08-23 12:34:36,939 [Worker-80: Building] INFO  o.e.m.c.i.embedder.EclipseLogger - skip non existing resourceDirectory C:\Users\jay-pc\Selenium TTS 11-00 to 12-30\Selenium_Learning\src\test\resources
2023-08-23 12:34:42,520 [Worker-80: Building] INFO  o.e.m.c.i.embedder.EclipseLogger - Using 'UTF-8' encoding to copy filtered resources.
2023-08-23 12:34:42,520 [Worker-80: Building] INFO  o.e.m.c.i.embedder.EclipseLogger - skip non existing resourceDirectory C:\Users\jay-pc\Selenium TTS 11-00 to 12-30\Selenium_Learning\src\main\resources
2023-08-23 12:34:42,521 [Worker-80: Building] INFO  o.e.m.c.i.embedder.EclipseLogger - Using 'UTF-8' encoding to copy filtered resources.
2023-08-23 12:34:42,522 [Worker-80: Building] INFO  o.e.m.c.i.embedder.EclipseLogger - skip non existing resourceDirectory C:\Users\jay-pc\Selenium TTS 11-00 to 12-30\Selenium_Learning\src\test\resources
2023-08-23 12:35:43,363 [Worker-84: Building] INFO  o.e.m.c.i.embedder.EclipseLogger - Using 'UTF-8' encoding to copy filtered resources.
2023-08-23 12:35:43,363 [Worker-84: Building] INFO  o.e.m.c.i.embedder.EclipseLogger - skip non existing resourceDirectory C:\Users\jay-pc\Selenium TTS 11-00 to 12-30\Selenium_Learning\src\main\resources
2023-08-23 12:35:43,364 [Worker-84: Building] INFO  o.e.m.c.i.embedder.EclipseLogger - Using 'UTF-8' encoding to copy filtered resources.
2023-08-23 12:35:43,364 [Worker-84: Building] INFO  o.e.m.c.i.embedder.EclipseLogger - skip non existing resourceDirectory C:\Users\jay-pc\Selenium TTS 11-00 to 12-30\Selenium_Learning\src\test\resources
2023-08-23 12:35:45,498 [Worker-77: Building] INFO  o.e.m.c.i.embedder.EclipseLogger - Using 'UTF-8' encoding to copy filtered resources.
2023-08-23 12:35:45,499 [Worker-77: Building] INFO  o.e.m.c.i.embedder.EclipseLogger - skip non existing resourceDirectory C:\Users\jay-pc\Selenium TTS 11-00 to 12-30\Selenium_Learning\src\main\resources
2023-08-23 12:35:45,499 [Worker-77: Building] INFO  o.e.m.c.i.embedder.EclipseLogger - Using 'UTF-8' encoding to copy filtered resources.
2023-08-23 12:35:45,500 [Worker-77: Building] INFO  o.e.m.c.i.embedder.EclipseLogger - skip non existing resourceDirectory C:\Users\jay-pc\Selenium TTS 11-00 to 12-30\Selenium_Learning\src\test\resources
2023-08-23 12:35:51,935 [Worker-82: Building] INFO  o.e.m.c.i.embedder.EclipseLogger - Using 'UTF-8' encoding to copy filtered resources.
2023-08-23 12:35:51,935 [Worker-82: Building] INFO  o.e.m.c.i.embedder.EclipseLogger - skip non existing resourceDirectory C:\Users\jay-pc\Selenium TTS 11-00 to 12-30\Selenium_Learning\src\main\resources
2023-08-23 12:35:51,936 [Worker-82: Building] INFO  o.e.m.c.i.embedder.EclipseLogger - Using 'UTF-8' encoding to copy filtered resources.
2023-08-23 12:35:51,936 [Worker-82: Building] INFO  o.e.m.c.i.embedder.EclipseLogger - skip non existing resourceDirectory C:\Users\jay-pc\Selenium TTS 11-00 to 12-30\Selenium_Learning\src\test\resources
2023-08-23 14:49:30,960 [Stop Help Server] INFO  org.eclipse.jetty.server.Server - Stopped Server@32a41b08{STOPPING}[10.0.9,sto=0]
2023-08-23 14:49:30,975 [Stop Help Server] INFO  o.e.jetty.server.AbstractConnector - Stopped ServerConnector@64770d65{HTTP/1.1, (http/1.1)}{127.0.0.1:0}
2023-08-23 14:49:30,999 [Stop Help Server] INFO  o.e.j.server.handler.ContextHandler - Stopped o.e.j.s.ServletContextHandler@50f06966{/help,null,STOPPED}
2023-08-25 11:36:57,867 [Worker-6: Loading available Gradle versions] INFO  o.e.b.c.i.u.g.PublishedGradleVersions - Gradle version information cache is up-to-date. Trying to read.
2023-08-25 11:40:52,931 [Start Help Server] INFO  org.eclipse.jetty.server.Server - jetty-10.0.9; built: 2022-03-30T16:46:32.527Z; git: a9eaf8d5d73369acf610ce88f850c0d56c4b1113; jvm 18.0.2.1+1-1
2023-08-25 11:40:52,955 [Start Help Server] INFO  o.e.j.s.s.DefaultSessionIdManager - Session workerName=node0
2023-08-25 11:40:52,982 [Start Help Server] INFO  o.e.j.server.handler.ContextHandler - Started o.e.j.s.ServletContextHandler@400a8cc2{/help,null,AVAILABLE}
2023-08-25 11:40:52,991 [Start Help Server] INFO  o.e.jetty.server.AbstractConnector - Started ServerConnector@7b722055{HTTP/1.1, (http/1.1)}{127.0.0.1:10936}
2023-08-25 11:40:52,993 [Start Help Server] INFO  org.eclipse.jetty.server.Server - Started Server@27eda762{STARTING}[10.0.9,sto=0] @279314ms
2023-08-25 11:41:31,302 [Worker-18: Building] INFO  o.e.m.c.i.embedder.EclipseLogger - Using 'UTF-8' encoding to copy filtered resources.
2023-08-25 11:41:31,303 [Worker-18: Building] INFO  o.e.m.c.i.embedder.EclipseLogger - skip non existing resourceDirectory C:\Users\jay-pc\Selenium TTS 11-00 to 12-30\Selenium_Learning\src\main\resources
2023-08-25 11:41:31,305 [Worker-18: Building] INFO  o.e.m.c.i.embedder.EclipseLogger - Using 'UTF-8' encoding to copy filtered resources.
2023-08-25 11:41:31,306 [Worker-18: Building] INFO  o.e.m.c.i.embedder.EclipseLogger - skip non existing resourceDirectory C:\Users\jay-pc\Selenium TTS 11-00 to 12-30\Selenium_Learning\src\test\resources
2023-08-25 11:50:18,023 [Worker-22: Building] INFO  o.e.m.c.i.embedder.EclipseLogger - Using 'UTF-8' encoding to copy filtered resources.
2023-08-25 11:50:18,023 [Worker-22: Building] INFO  o.e.m.c.i.embedder.EclipseLogger - skip non existing resourceDirectory C:\Users\jay-pc\Selenium TTS 11-00 to 12-30\Selenium_Learning\src\main\resources
2023-08-25 11:50:18,025 [Worker-22: Building] INFO  o.e.m.c.i.embedder.EclipseLogger - Using 'UTF-8' encoding to copy filtered resources.
2023-08-25 11:50:18,025 [Worker-22: Building] INFO  o.e.m.c.i.embedder.EclipseLogger - skip non existing resourceDirectory C:\Users\jay-pc\Selenium TTS 11-00 to 12-30\Selenium_Learning\src\test\resources
2023-08-25 11:50:42,562 [Worker-22: Building] INFO  o.e.m.c.i.embedder.EclipseLogger - Using 'UTF-8' encoding to copy filtered resources.
2023-08-25 11:50:42,562 [Worker-22: Building] INFO  o.e.m.c.i.embedder.EclipseLogger - skip non existing resourceDirectory C:\Users\jay-pc\Selenium TTS 11-00 to 12-30\Selenium_Learning\src\main\resources
2023-08-25 11:50:42,564 [Worker-22: Building] INFO  o.e.m.c.i.embedder.EclipseLogger - Using 'UTF-8' encoding to copy filtered resources.
2023-08-25 11:50:42,564 [Worker-22: Building] INFO  o.e.m.c.i.embedder.EclipseLogger - skip non existing resourceDirectory C:\Users\jay-pc\Selenium TTS 11-00 to 12-30\Selenium_Learning\src\test\resources
2023-08-25 11:50:46,651 [Worker-20: Building] INFO  o.e.m.c.i.embedder.EclipseLogger - Using 'UTF-8' encoding to copy filtered resources.
2023-08-25 11:50:46,652 [Worker-20: Building] INFO  o.e.m.c.i.embedder.EclipseLogger - skip non existing resourceDirectory C:\Users\jay-pc\Selenium TTS 11-00 to 12-30\Selenium_Learning\src\main\resources
2023-08-25 11:50:46,653 [Worker-20: Building] INFO  o.e.m.c.i.embedder.EclipseLogger - Using 'UTF-8' encoding to copy filtered resources.
2023-08-25 11:50:46,653 [Worker-20: Building] INFO  o.e.m.c.i.embedder.EclipseLogger - skip non existing resourceDirectory C:\Users\jay-pc\Selenium TTS 11-00 to 12-30\Selenium_Learning\src\test\resources
2023-08-25 11:51:14,395 [Worker-20: Building] INFO  o.e.m.c.i.embedder.EclipseLogger - Using 'UTF-8' encoding to copy filtered resources.
2023-08-25 11:51:14,396 [Worker-20: Building] INFO  o.e.m.c.i.embedder.EclipseLogger - skip non existing resourceDirectory C:\Users\jay-pc\Selenium TTS 11-00 to 12-30\Selenium_Learning\src\main\resources
2023-08-25 11:51:14,397 [Worker-20: Building] INFO  o.e.m.c.i.embedder.EclipseLogger - Using 'UTF-8' encoding to copy filtered resources.
2023-08-25 11:51:14,397 [Worker-20: Building] INFO  o.e.m.c.i.embedder.EclipseLogger - skip non existing resourceDirectory C:\Users\jay-pc\Selenium TTS 11-00 to 12-30\Selenium_Learning\src\test\resources
2023-08-25 11:51:31,033 [Worker-23: Building] INFO  o.e.m.c.i.embedder.EclipseLogger - Using 'UTF-8' encoding to copy filtered resources.
2023-08-25 11:51:31,033 [Worker-23: Building] INFO  o.e.m.c.i.embedder.EclipseLogger - skip non existing resourceDirectory C:\Users\jay-pc\Selenium TTS 11-00 to 12-30\Selenium_Learning\src\main\resources
2023-08-25 11:51:31,035 [Worker-23: Building] INFO  o.e.m.c.i.embedder.EclipseLogger - Using 'UTF-8' encoding to copy filtered resources.
2023-08-25 11:51:31,035 [Worker-23: Building] INFO  o.e.m.c.i.embedder.EclipseLogger - skip non existing resourceDirectory C:\Users\jay-pc\Selenium TTS 11-00 to 12-30\Selenium_Learning\src\test\resources
2023-08-25 11:51:41,476 [Worker-5: Building] INFO  o.e.m.c.i.embedder.EclipseLogger - Using 'UTF-8' encoding to copy filtered resources.
2023-08-25 11:51:41,476 [Worker-5: Building] INFO  o.e.m.c.i.embedder.EclipseLogger - skip non existing resourceDirectory C:\Users\jay-pc\Selenium TTS 11-00 to 12-30\Selenium_Learning\src\main\resources
2023-08-25 11:51:41,477 [Worker-5: Building] INFO  o.e.m.c.i.embedder.EclipseLogger - Using 'UTF-8' encoding to copy filtered resources.
2023-08-25 11:51:41,477 [Worker-5: Building] INFO  o.e.m.c.i.embedder.EclipseLogger - skip non existing resourceDirectory C:\Users\jay-pc\Selenium TTS 11-00 to 12-30\Selenium_Learning\src\test\resources
2023-08-25 11:52:02,953 [Worker-22: Building] INFO  o.e.m.c.i.embedder.EclipseLogger - Using 'UTF-8' encoding to copy filtered resources.
2023-08-25 11:52:02,953 [Worker-22: Building] INFO  o.e.m.c.i.embedder.EclipseLogger - skip non existing resourceDirectory C:\Users\jay-pc\Selenium TTS 11-00 to 12-30\Selenium_Learning\src\main\resources
2023-08-25 11:52:02,954 [Worker-22: Building] INFO  o.e.m.c.i.embedder.EclipseLogger - Using 'UTF-8' encoding to copy filtered resources.
2023-08-25 11:52:02,955 [Worker-22: Building] INFO  o.e.m.c.i.embedder.EclipseLogger - skip non existing resourceDirectory C:\Users\jay-pc\Selenium TTS 11-00 to 12-30\Selenium_Learning\src\test\resources
2023-08-25 11:52:09,518 [Worker-22: Building] INFO  o.e.m.c.i.embedder.EclipseLogger - Using 'UTF-8' encoding to copy filtered resources.
2023-08-25 11:52:09,518 [Worker-22: Building] INFO  o.e.m.c.i.embedder.EclipseLogger - skip non existing resourceDirectory C:\Users\jay-pc\Selenium TTS 11-00 to 12-30\Selenium_Learning\src\main\resources
2023-08-25 11:52:09,519 [Worker-22: Building] INFO  o.e.m.c.i.embedder.EclipseLogger - Using 'UTF-8' encoding to copy filtered resources.
2023-08-25 11:52:09,519 [Worker-22: Building] INFO  o.e.m.c.i.embedder.EclipseLogger - skip non existing resourceDirectory C:\Users\jay-pc\Selenium TTS 11-00 to 12-30\Selenium_Learning\src\test\resources
2023-08-25 11:52:45,004 [Worker-22: Building] INFO  o.e.m.c.i.embedder.EclipseLogger - Using 'UTF-8' encoding to copy filtered resources.
2023-08-25 11:52:45,004 [Worker-22: Building] INFO  o.e.m.c.i.embedder.EclipseLogger - skip non existing resourceDirectory C:\Users\jay-pc\Selenium TTS 11-00 to 12-30\Selenium_Learning\src\main\resources
2023-08-25 11:52:45,005 [Worker-22: Building] INFO  o.e.m.c.i.embedder.EclipseLogger - Using 'UTF-8' encoding to copy filtered resources.
2023-08-25 11:52:45,006 [Worker-22: Building] INFO  o.e.m.c.i.embedder.EclipseLogger - skip non existing resourceDirectory C:\Users\jay-pc\Selenium TTS 11-00 to 12-30\Selenium_Learning\src\test\resources
2023-08-25 11:53:04,632 [Worker-23: Building] INFO  o.e.m.c.i.embedder.EclipseLogger - Using 'UTF-8' encoding to copy filtered resources.
2023-08-25 11:53:04,632 [Worker-23: Building] INFO  o.e.m.c.i.embedder.EclipseLogger - skip non existing resourceDirectory C:\Users\jay-pc\Selenium TTS 11-00 to 12-30\Selenium_Learning\src\main\resources
2023-08-25 11:53:04,633 [Worker-23: Building] INFO  o.e.m.c.i.embedder.EclipseLogger - Using 'UTF-8' encoding to copy filtered resources.
2023-08-25 11:53:04,633 [Worker-23: Building] INFO  o.e.m.c.i.embedder.EclipseLogger - skip non existing resourceDirectory C:\Users\jay-pc\Selenium TTS 11-00 to 12-30\Selenium_Learning\src\test\resources
2023-08-25 11:54:42,148 [Worker-25: Building] INFO  o.e.m.c.i.embedder.EclipseLogger - Using 'UTF-8' encoding to copy filtered resources.
2023-08-25 11:54:42,148 [Worker-25: Building] INFO  o.e.m.c.i.embedder.EclipseLogger - skip non existing resourceDirectory C:\Users\jay-pc\Selenium TTS 11-00 to 12-30\Selenium_Learning\src\main\resources
2023-08-25 11:54:42,149 [Worker-25: Building] INFO  o.e.m.c.i.embedder.EclipseLogger - Using 'UTF-8' encoding to copy filtered resources.
2023-08-25 11:54:42,149 [Worker-25: Building] INFO  o.e.m.c.i.embedder.EclipseLogger - skip non existing resourceDirectory C:\Users\jay-pc\Selenium TTS 11-00 to 12-30\Selenium_Learning\src\test\resources
2023-08-25 11:54:49,914 [Worker-23: Building] INFO  o.e.m.c.i.embedder.EclipseLogger - Using 'UTF-8' encoding to copy filtered resources.
2023-08-25 11:54:49,914 [Worker-23: Building] INFO  o.e.m.c.i.embedder.EclipseLogger - skip non existing resourceDirectory C:\Users\jay-pc\Selenium TTS 11-00 to 12-30\Selenium_Learning\src\main\resources
2023-08-25 11:54:49,915 [Worker-23: Building] INFO  o.e.m.c.i.embedder.EclipseLogger - Using 'UTF-8' encoding to copy filtered resources.
2023-08-25 11:54:49,916 [Worker-23: Building] INFO  o.e.m.c.i.embedder.EclipseLogger - skip non existing resourceDirectory C:\Users\jay-pc\Selenium TTS 11-00 to 12-30\Selenium_Learning\src\test\resources
2023-08-25 11:55:30,813 [Worker-23: Building] INFO  o.e.m.c.i.embedder.EclipseLogger - Using 'UTF-8' encoding to copy filtered resources.
2023-08-25 11:55:30,813 [Worker-23: Building] INFO  o.e.m.c.i.embedder.EclipseLogger - skip non existing resourceDirectory C:\Users\jay-pc\Selenium TTS 11-00 to 12-30\Selenium_Learning\src\main\resources
2023-08-25 11:55:30,814 [Worker-23: Building] INFO  o.e.m.c.i.embedder.EclipseLogger - Using 'UTF-8' encoding to copy filtered resources.
2023-08-25 11:55:30,814 [Worker-23: Building] INFO  o.e.m.c.i.embedder.EclipseLogger - skip non existing resourceDirectory C:\Users\jay-pc\Selenium TTS 11-00 to 12-30\Selenium_Learning\src\test\resources
2023-08-25 11:55:31,842 [Worker-28: Building] INFO  o.e.m.c.i.embedder.EclipseLogger - Using 'UTF-8' encoding to copy filtered resources.
2023-08-25 11:55:31,843 [Worker-28: Building] INFO  o.e.m.c.i.embedder.EclipseLogger - skip non existing resourceDirectory C:\Users\jay-pc\Selenium TTS 11-00 to 12-30\Selenium_Learning\src\main\resources
2023-08-25 11:55:31,843 [Worker-28: Building] INFO  o.e.m.c.i.embedder.EclipseLogger - Using 'UTF-8' encoding to copy filtered resources.
2023-08-25 11:55:31,843 [Worker-28: Building] INFO  o.e.m.c.i.embedder.EclipseLogger - skip non existing resourceDirectory C:\Users\jay-pc\Selenium TTS 11-00 to 12-30\Selenium_Learning\src\test\resources
2023-08-25 11:55:34,182 [Worker-22: Building] INFO  o.e.m.c.i.embedder.EclipseLogger - Using 'UTF-8' encoding to copy filtered resources.
2023-08-25 11:55:34,182 [Worker-22: Building] INFO  o.e.m.c.i.embedder.EclipseLogger - skip non existing resourceDirectory C:\Users\jay-pc\Selenium TTS 11-00 to 12-30\Selenium_Learning\src\main\resources
2023-08-25 11:55:34,183 [Worker-22: Building] INFO  o.e.m.c.i.embedder.EclipseLogger - Using 'UTF-8' encoding to copy filtered resources.
2023-08-25 11:55:34,183 [Worker-22: Building] INFO  o.e.m.c.i.embedder.EclipseLogger - skip non existing resourceDirectory C:\Users\jay-pc\Selenium TTS 11-00 to 12-30\Selenium_Learning\src\test\resources
2023-08-25 11:55:44,895 [Worker-23: Building] INFO  o.e.m.c.i.embedder.EclipseLogger - Using 'UTF-8' encoding to copy filtered resources.
2023-08-25 11:55:44,896 [Worker-23: Building] INFO  o.e.m.c.i.embedder.EclipseLogger - skip non existing resourceDirectory C:\Users\jay-pc\Selenium TTS 11-00 to 12-30\Selenium_Learning\src\main\resources
2023-08-25 11:55:44,897 [Worker-23: Building] INFO  o.e.m.c.i.embedder.EclipseLogger - Using 'UTF-8' encoding to copy filtered resources.
2023-08-25 11:55:44,897 [Worker-23: Building] INFO  o.e.m.c.i.embedder.EclipseLogger - skip non existing resourceDirectory C:\Users\jay-pc\Selenium TTS 11-00 to 12-30\Selenium_Learning\src\test\resources
2023-08-25 11:55:55,820 [Worker-26: Building] INFO  o.e.m.c.i.embedder.EclipseLogger - Using 'UTF-8' encoding to copy filtered resources.
2023-08-25 11:55:55,820 [Worker-26: Building] INFO  o.e.m.c.i.embedder.EclipseLogger - skip non existing resourceDirectory C:\Users\jay-pc\Selenium TTS 11-00 to 12-30\Selenium_Learning\src\main\resources
2023-08-25 11:55:55,821 [Worker-26: Building] INFO  o.e.m.c.i.embedder.EclipseLogger - Using 'UTF-8' encoding to copy filtered resources.
2023-08-25 11:55:55,821 [Worker-26: Building] INFO  o.e.m.c.i.embedder.EclipseLogger - skip non existing resourceDirectory C:\Users\jay-pc\Selenium TTS 11-00 to 12-30\Selenium_Learning\src\test\resources
2023-08-25 11:56:28,105 [Worker-22: Building] INFO  o.e.m.c.i.embedder.EclipseLogger - Using 'UTF-8' encoding to copy filtered resources.
2023-08-25 11:56:28,106 [Worker-22: Building] INFO  o.e.m.c.i.embedder.EclipseLogger - skip non existing resourceDirectory C:\Users\jay-pc\Selenium TTS 11-00 to 12-30\Selenium_Learning\src\main\resources
2023-08-25 11:56:28,107 [Worker-22: Building] INFO  o.e.m.c.i.embedder.EclipseLogger - Using 'UTF-8' encoding to copy filtered resources.
2023-08-25 11:56:28,107 [Worker-22: Building] INFO  o.e.m.c.i.embedder.EclipseLogger - skip non existing resourceDirectory C:\Users\jay-pc\Selenium TTS 11-00 to 12-30\Selenium_Learning\src\test\resources
2023-08-25 11:56:38,982 [Worker-25: Building] INFO  o.e.m.c.i.embedder.EclipseLogger - Using 'UTF-8' encoding to copy filtered resources.
2023-08-25 11:56:38,982 [Worker-25: Building] INFO  o.e.m.c.i.embedder.EclipseLogger - skip non existing resourceDirectory C:\Users\jay-pc\Selenium TTS 11-00 to 12-30\Selenium_Learning\src\main\resources
2023-08-25 11:56:38,982 [Worker-25: Building] INFO  o.e.m.c.i.embedder.EclipseLogger - Using 'UTF-8' encoding to copy filtered resources.
2023-08-25 11:56:38,983 [Worker-25: Building] INFO  o.e.m.c.i.embedder.EclipseLogger - skip non existing resourceDirectory C:\Users\jay-pc\Selenium TTS 11-00 to 12-30\Selenium_Learning\src\test\resources
2023-08-25 11:57:02,983 [Worker-28: Building] INFO  o.e.m.c.i.embedder.EclipseLogger - Using 'UTF-8' encoding to copy filtered resources.
2023-08-25 11:57:02,983 [Worker-28: Building] INFO  o.e.m.c.i.embedder.EclipseLogger - skip non existing resourceDirectory C:\Users\jay-pc\Selenium TTS 11-00 to 12-30\Selenium_Learning\src\main\resources
2023-08-25 11:57:02,984 [Worker-28: Building] INFO  o.e.m.c.i.embedder.EclipseLogger - Using 'UTF-8' encoding to copy filtered resources.
2023-08-25 11:57:02,985 [Worker-28: Building] INFO  o.e.m.c.i.embedder.EclipseLogger - skip non existing resourceDirectory C:\Users\jay-pc\Selenium TTS 11-00 to 12-30\Selenium_Learning\src\test\resources
2023-08-25 11:57:15,075 [Worker-28: Building] INFO  o.e.m.c.i.embedder.EclipseLogger - Using 'UTF-8' encoding to copy filtered resources.
2023-08-25 11:57:15,075 [Worker-28: Building] INFO  o.e.m.c.i.embedder.EclipseLogger - skip non existing resourceDirectory C:\Users\jay-pc\Selenium TTS 11-00 to 12-30\Selenium_Learning\src\main\resources
2023-08-25 11:57:15,076 [Worker-28: Building] INFO  o.e.m.c.i.embedder.EclipseLogger - Using 'UTF-8' encoding to copy filtered resources.
2023-08-25 11:57:15,077 [Worker-28: Building] INFO  o.e.m.c.i.embedder.EclipseLogger - skip non existing resourceDirectory C:\Users\jay-pc\Selenium TTS 11-00 to 12-30\Selenium_Learning\src\test\resources
2023-08-25 11:57:20,707 [Worker-26: Building] INFO  o.e.m.c.i.embedder.EclipseLogger - Using 'UTF-8' encoding to copy filtered resources.
2023-08-25 11:57:20,708 [Worker-26: Building] INFO  o.e.m.c.i.embedder.EclipseLogger - skip non existing resourceDirectory C:\Users\jay-pc\Selenium TTS 11-00 to 12-30\Selenium_Learning\src\main\resources
2023-08-25 11:57:20,709 [Worker-26: Building] INFO  o.e.m.c.i.embedder.EclipseLogger - Using 'UTF-8' encoding to copy filtered resources.
2023-08-25 11:57:20,709 [Worker-26: Building] INFO  o.e.m.c.i.embedder.EclipseLogger - skip non existing resourceDirectory C:\Users\jay-pc\Selenium TTS 11-00 to 12-30\Selenium_Learning\src\test\resources
2023-08-25 11:57:34,671 [Worker-28: Building] INFO  o.e.m.c.i.embedder.EclipseLogger - Using 'UTF-8' encoding to copy filtered resources.
2023-08-25 11:57:34,671 [Worker-28: Building] INFO  o.e.m.c.i.embedder.EclipseLogger - skip non existing resourceDirectory C:\Users\jay-pc\Selenium TTS 11-00 to 12-30\Selenium_Learning\src\main\resources
2023-08-25 11:57:34,672 [Worker-28: Building] INFO  o.e.m.c.i.embedder.EclipseLogger - Using 'UTF-8' encoding to copy filtered resources.
2023-08-25 11:57:34,673 [Worker-28: Building] INFO  o.e.m.c.i.embedder.EclipseLogger - skip non existing resourceDirectory C:\Users\jay-pc\Selenium TTS 11-00 to 12-30\Selenium_Learning\src\test\resources
2023-08-25 11:57:38,576 [Worker-26: Building] INFO  o.e.m.c.i.embedder.EclipseLogger - Using 'UTF-8' encoding to copy filtered resources.
2023-08-25 11:57:38,576 [Worker-26: Building] INFO  o.e.m.c.i.embedder.EclipseLogger - skip non existing resourceDirectory C:\Users\jay-pc\Selenium TTS 11-00 to 12-30\Selenium_Learning\src\main\resources
2023-08-25 11:57:38,577 [Worker-26: Building] INFO  o.e.m.c.i.embedder.EclipseLogger - Using 'UTF-8' encoding to copy filtered resources.
2023-08-25 11:57:38,577 [Worker-26: Building] INFO  o.e.m.c.i.embedder.EclipseLogger - skip non existing resourceDirectory C:\Users\jay-pc\Selenium TTS 11-00 to 12-30\Selenium_Learning\src\test\resources
2023-08-25 11:57:45,668 [Worker-23: Building] INFO  o.e.m.c.i.embedder.EclipseLogger - Using 'UTF-8' encoding to copy filtered resources.
2023-08-25 11:57:45,668 [Worker-23: Building] INFO  o.e.m.c.i.embedder.EclipseLogger - skip non existing resourceDirectory C:\Users\jay-pc\Selenium TTS 11-00 to 12-30\Selenium_Learning\src\main\resources
2023-08-25 11:57:45,669 [Worker-23: Building] INFO  o.e.m.c.i.embedder.EclipseLogger - Using 'UTF-8' encoding to copy filtered resources.
2023-08-25 11:57:45,669 [Worker-23: Building] INFO  o.e.m.c.i.embedder.EclipseLogger - skip non existing resourceDirectory C:\Users\jay-pc\Selenium TTS 11-00 to 12-30\Selenium_Learning\src\test\resources
2023-08-25 12:00:01,185 [Worker-22: Building] INFO  o.e.m.c.i.embedder.EclipseLogger - Using 'UTF-8' encoding to copy filtered resources.
2023-08-25 12:00:01,185 [Worker-22: Building] INFO  o.e.m.c.i.embedder.EclipseLogger - skip non existing resourceDirectory C:\Users\jay-pc\Selenium TTS 11-00 to 12-30\Selenium_Learning\src\main\resources
2023-08-25 12:00:01,186 [Worker-22: Building] INFO  o.e.m.c.i.embedder.EclipseLogger - Using 'UTF-8' encoding to copy filtered resources.
2023-08-25 12:00:01,186 [Worker-22: Building] INFO  o.e.m.c.i.embedder.EclipseLogger - skip non existing resourceDirectory C:\Users\jay-pc\Selenium TTS 11-00 to 12-30\Selenium_Learning\src\test\resources
2023-08-25 12:00:32,775 [Worker-25: Building] INFO  o.e.m.c.i.embedder.EclipseLogger - Using 'UTF-8' encoding to copy filtered resources.
2023-08-25 12:00:32,775 [Worker-25: Building] INFO  o.e.m.c.i.embedder.EclipseLogger - skip non existing resourceDirectory C:\Users\jay-pc\Selenium TTS 11-00 to 12-30\Selenium_Learning\src\main\resources
2023-08-25 12:00:32,776 [Worker-25: Building] INFO  o.e.m.c.i.embedder.EclipseLogger - Using 'UTF-8' encoding to copy filtered resources.
2023-08-25 12:00:32,776 [Worker-25: Building] INFO  o.e.m.c.i.embedder.EclipseLogger - skip non existing resourceDirectory C:\Users\jay-pc\Selenium TTS 11-00 to 12-30\Selenium_Learning\src\test\resources
2023-08-25 12:00:37,789 [Worker-22: Building] INFO  o.e.m.c.i.embedder.EclipseLogger - Using 'UTF-8' encoding to copy filtered resources.
2023-08-25 12:00:37,789 [Worker-22: Building] INFO  o.e.m.c.i.embedder.EclipseLogger - skip non existing resourceDirectory C:\Users\jay-pc\Selenium TTS 11-00 to 12-30\Selenium_Learning\src\main\resources
2023-08-25 12:00:37,790 [Worker-22: Building] INFO  o.e.m.c.i.embedder.EclipseLogger - Using 'UTF-8' encoding to copy filtered resources.
2023-08-25 12:00:37,790 [Worker-22: Building] INFO  o.e.m.c.i.embedder.EclipseLogger - skip non existing resourceDirectory C:\Users\jay-pc\Selenium TTS 11-00 to 12-30\Selenium_Learning\src\test\resources
2023-08-25 12:01:48,030 [Worker-25: Building] INFO  o.e.m.c.i.embedder.EclipseLogger - Using 'UTF-8' encoding to copy filtered resources.
2023-08-25 12:01:48,030 [Worker-25: Building] INFO  o.e.m.c.i.embedder.EclipseLogger - skip non existing resourceDirectory C:\Users\jay-pc\Selenium TTS 11-00 to 12-30\Selenium_Learning\src\main\resources
2023-08-25 12:01:48,031 [Worker-25: Building] INFO  o.e.m.c.i.embedder.EclipseLogger - Using 'UTF-8' encoding to copy filtered resources.
2023-08-25 12:01:48,031 [Worker-25: Building] INFO  o.e.m.c.i.embedder.EclipseLogger - skip non existing resourceDirectory C:\Users\jay-pc\Selenium TTS 11-00 to 12-30\Selenium_Learning\src\test\resources
2023-08-25 12:01:50,287 [Worker-22: Building] INFO  o.e.m.c.i.embedder.EclipseLogger - Using 'UTF-8' encoding to copy filtered resources.
2023-08-25 12:01:50,287 [Worker-22: Building] INFO  o.e.m.c.i.embedder.EclipseLogger - skip non existing resourceDirectory C:\Users\jay-pc\Selenium TTS 11-00 to 12-30\Selenium_Learning\src\main\resources
2023-08-25 12:01:50,288 [Worker-22: Building] INFO  o.e.m.c.i.embedder.EclipseLogger - Using 'UTF-8' encoding to copy filtered resources.
2023-08-25 12:01:50,289 [Worker-22: Building] INFO  o.e.m.c.i.embedder.EclipseLogger - skip non existing resourceDirectory C:\Users\jay-pc\Selenium TTS 11-00 to 12-30\Selenium_Learning\src\test\resources
2023-08-25 12:04:56,633 [Worker-30: Building] INFO  o.e.m.c.i.embedder.EclipseLogger - Using 'UTF-8' encoding to copy filtered resources.
2023-08-25 12:04:56,633 [Worker-30: Building] INFO  o.e.m.c.i.embedder.EclipseLogger - skip non existing resourceDirectory C:\Users\jay-pc\Selenium TTS 11-00 to 12-30\Selenium_Learning\src\main\resources
2023-08-25 12:04:56,634 [Worker-30: Building] INFO  o.e.m.c.i.embedder.EclipseLogger - Using 'UTF-8' encoding to copy filtered resources.
2023-08-25 12:04:56,634 [Worker-30: Building] INFO  o.e.m.c.i.embedder.EclipseLogger - skip non existing resourceDirectory C:\Users\jay-pc\Selenium TTS 11-00 to 12-30\Selenium_Learning\src\test\resources
2023-08-25 12:26:07,469 [Worker-31: Launching P001_BasicSelectors] INFO  o.e.m.c.i.embedder.EclipseLogger - Using 'UTF-8' encoding to copy filtered resources.
2023-08-25 12:26:07,469 [Worker-31: Launching P001_BasicSelectors] INFO  o.e.m.c.i.embedder.EclipseLogger - skip non existing resourceDirectory C:\Users\jay-pc\Selenium TTS 11-00 to 12-30\Selenium_Learning\src\main\resources
2023-08-25 12:26:07,470 [Worker-31: Launching P001_BasicSelectors] INFO  o.e.m.c.i.embedder.EclipseLogger - Using 'UTF-8' encoding to copy filtered resources.
2023-08-25 12:26:07,471 [Worker-31: Launching P001_BasicSelectors] INFO  o.e.m.c.i.embedder.EclipseLogger - skip non existing resourceDirectory C:\Users\jay-pc\Selenium TTS 11-00 to 12-30\Selenium_Learning\src\test\resources
2023-08-25 12:26:55,545 [Worker-37: Building] INFO  o.e.m.c.i.embedder.EclipseLogger - Using 'UTF-8' encoding to copy filtered resources.
2023-08-25 12:26:55,545 [Worker-37: Building] INFO  o.e.m.c.i.embedder.EclipseLogger - skip non existing resourceDirectory C:\Users\jay-pc\Selenium TTS 11-00 to 12-30\Selenium_Learning\src\main\resources
2023-08-25 12:26:55,546 [Worker-37: Building] INFO  o.e.m.c.i.embedder.EclipseLogger - Using 'UTF-8' encoding to copy filtered resources.
2023-08-25 12:26:55,546 [Worker-37: Building] INFO  o.e.m.c.i.embedder.EclipseLogger - skip non existing resourceDirectory C:\Users\jay-pc\Selenium TTS 11-00 to 12-30\Selenium_Learning\src\test\resources
2023-08-25 12:27:26,968 [Worker-34: Building] INFO  o.e.m.c.i.embedder.EclipseLogger - Using 'UTF-8' encoding to copy filtered resources.
2023-08-25 12:27:26,968 [Worker-34: Building] INFO  o.e.m.c.i.embedder.EclipseLogger - skip non existing resourceDirectory C:\Users\jay-pc\Selenium TTS 11-00 to 12-30\Selenium_Learning\src\main\resources
2023-08-25 12:27:26,969 [Worker-34: Building] INFO  o.e.m.c.i.embedder.EclipseLogger - Using 'UTF-8' encoding to copy filtered resources.
2023-08-25 12:27:26,969 [Worker-34: Building] INFO  o.e.m.c.i.embedder.EclipseLogger - skip non existing resourceDirectory C:\Users\jay-pc\Selenium TTS 11-00 to 12-30\Selenium_Learning\src\test\resources
2023-08-25 12:27:38,694 [Worker-34: Building] INFO  o.e.m.c.i.embedder.EclipseLogger - Using 'UTF-8' encoding to copy filtered resources.
2023-08-25 12:27:38,694 [Worker-34: Building] INFO  o.e.m.c.i.embedder.EclipseLogger - skip non existing resourceDirectory C:\Users\jay-pc\Selenium TTS 11-00 to 12-30\Selenium_Learning\src\main\resources
2023-08-25 12:27:38,695 [Worker-34: Building] INFO  o.e.m.c.i.embedder.EclipseLogger - Using 'UTF-8' encoding to copy filtered resources.
2023-08-25 12:27:38,696 [Worker-34: Building] INFO  o.e.m.c.i.embedder.EclipseLogger - skip non existing resourceDirectory C:\Users\jay-pc\Selenium TTS 11-00 to 12-30\Selenium_Learning\src\test\resources
2023-08-25 12:27:59,164 [Worker-31: Building] INFO  o.e.m.c.i.embedder.EclipseLogger - Using 'UTF-8' encoding to copy filtered resources.
2023-08-25 12:27:59,164 [Worker-31: Building] INFO  o.e.m.c.i.embedder.EclipseLogger - skip non existing resourceDirectory C:\Users\jay-pc\Selenium TTS 11-00 to 12-30\Selenium_Learning\src\main\resources
2023-08-25 12:27:59,165 [Worker-31: Building] INFO  o.e.m.c.i.embedder.EclipseLogger - Using 'UTF-8' encoding to copy filtered resources.
2023-08-25 12:27:59,165 [Worker-31: Building] INFO  o.e.m.c.i.embedder.EclipseLogger - skip non existing resourceDirectory C:\Users\jay-pc\Selenium TTS 11-00 to 12-30\Selenium_Learning\src\test\resources
2023-08-25 12:28:52,015 [Worker-35: Building] INFO  o.e.m.c.i.embedder.EclipseLogger - Using 'UTF-8' encoding to copy filtered resources.
2023-08-25 12:28:52,015 [Worker-35: Building] INFO  o.e.m.c.i.embedder.EclipseLogger - skip non existing resourceDirectory C:\Users\jay-pc\Selenium TTS 11-00 to 12-30\Selenium_Learning\src\main\resources
2023-08-25 12:28:52,016 [Worker-35: Building] INFO  o.e.m.c.i.embedder.EclipseLogger - Using 'UTF-8' encoding to copy filtered resources.
2023-08-25 12:28:52,016 [Worker-35: Building] INFO  o.e.m.c.i.embedder.EclipseLogger - skip non existing resourceDirectory C:\Users\jay-pc\Selenium TTS 11-00 to 12-30\Selenium_Learning\src\test\resources
2023-08-25 12:29:15,195 [Worker-34: Building] INFO  o.e.m.c.i.embedder.EclipseLogger - Using 'UTF-8' encoding to copy filtered resources.
2023-08-25 12:29:15,195 [Worker-34: Building] INFO  o.e.m.c.i.embedder.EclipseLogger - skip non existing resourceDirectory C:\Users\jay-pc\Selenium TTS 11-00 to 12-30\Selenium_Learning\src\main\resources
2023-08-25 12:29:15,196 [Worker-34: Building] INFO  o.e.m.c.i.embedder.EclipseLogger - Using 'UTF-8' encoding to copy filtered resources.
